<?xml version="1.0" encoding="UTF-8"?>
<!-- Generated by org.testng.reporters.JUnitReportReporter -->
<testsuite hostname="soc-PF2P9XM1" failures="0" tests="1" name="com.eBanking.testCases.TC_LoginTest_001" time="2.505" errors="0" timestamp="2024-07-21T12:34:56 IST" skipped="0">
  <testcase classname="com.eBanking.testCases.TC_LoginTest_001" name="loginTest" time="2.505"/>
</testsuite> <!-- com.eBanking.testCases.TC_LoginTest_001 -->
